[DEBUG] [2022-07-15 18:50:24] AbstractApplicationContext.prepareRefresh(629) | Refreshing org.springframework.context.support.ClassPathXmlApplicationContext@1b604f19
[DEBUG] [2022-07-15 18:50:25] XmlBeanDefinitionReader.doLoadBeanDefinitions(393) | Loaded 3 bean definitions from class path resource [applicationContext.xml]
[DEBUG] [2022-07-15 18:50:25] DefaultSingletonBeanRegistry.getSingleton(225) | Creating shared instance of singleton bean 'defaultConfigProperty'
[DEBUG] [2022-07-15 18:50:25] DefaultSingletonBeanRegistry.getSingleton(225) | Creating shared instance of singleton bean 'defaultConfigOption'
[DEBUG] [2022-07-15 18:50:25] CryptoMaterialConfig.<init>(137) | Load cryptoMaterial, caCertPath: /home/chenxun/fisco/voteApp/build/resources/main/conf/ca.crt, sdkCertPath: /home/chenxun/fisco/voteApp/build/resources/main/conf/sdk.crt, sdkPrivateKeyPath:/home/chenxun/fisco/voteApp/build/resources/main/conf/sdk.key, enSSLCertPath: null, enSSLPrivateKeyPath:null
[DEBUG] [2022-07-15 18:50:25] InternalLoggerFactory.useSlf4JLoggerFactory(63) | Using SLF4J as the default logging framework
[DEBUG] [2022-07-15 18:50:25] NetUtil.<clinit>(136) | -Djava.net.preferIPv4Stack: false
[DEBUG] [2022-07-15 18:50:25] NetUtil.<clinit>(137) | -Djava.net.preferIPv6Addresses: false
[DEBUG] [2022-07-15 18:50:25] NetUtilInitializations.determineLoopback(129) | Loopback interface: lo (lo, 0:0:0:0:0:0:0:1%lo)
[DEBUG] [2022-07-15 18:50:25] PlatformDependent0.explicitNoUnsafeCause0(495) | -Dio.netty.noUnsafe: false
[DEBUG] [2022-07-15 18:50:25] PlatformDependent0.javaVersion0(998) | Java version: 11
[DEBUG] [2022-07-15 18:50:25] PlatformDependent0.<clinit>(136) | sun.misc.Unsafe.theUnsafe: available
[DEBUG] [2022-07-15 18:50:25] PlatformDependent0.<clinit>(160) | sun.misc.Unsafe.copyMemory: available
[DEBUG] [2022-07-15 18:50:25] PlatformDependent0.<clinit>(192) | sun.misc.Unsafe.storeFence: available
[DEBUG] [2022-07-15 18:50:25] PlatformDependent0.<clinit>(235) | java.nio.Buffer.address: available
[DEBUG] [2022-07-15 18:50:25] PlatformDependent0.<clinit>(319) | direct buffer constructor: unavailable: Reflective setAccessible(true) disabled
[DEBUG] [2022-07-15 18:50:25] PlatformDependent0.<clinit>(384) | java.nio.Bits.unaligned: available, true
[DEBUG] [2022-07-15 18:50:25] PlatformDependent0.<clinit>(451) | jdk.internal.misc.Unsafe.allocateUninitializedArray(int): unavailable: class io.netty.util.internal.PlatformDependent0$7 cannot access class jdk.internal.misc.Unsafe (in module java.base) because module java.base does not export jdk.internal.misc to unnamed module @6a370f4
[DEBUG] [2022-07-15 18:50:25] PlatformDependent0.<clinit>(481) | java.nio.DirectByteBuffer.<init>(long, int): unavailable
[DEBUG] [2022-07-15 18:50:25] PlatformDependent.unsafeUnavailabilityCause0(1120) | sun.misc.Unsafe: available
[DEBUG] [2022-07-15 18:50:25] PlatformDependent.estimateMaxDirectMemory(1231) | maxDirectMemory: 2523922432 bytes (maybe)
[DEBUG] [2022-07-15 18:50:25] PlatformDependent.tmpdir0(1250) | -Dio.netty.tmpdir: /tmp (java.io.tmpdir)
[DEBUG] [2022-07-15 18:50:25] PlatformDependent.bitMode0(1329) | -Dio.netty.bitMode: 64 (sun.arch.data.model)
[DEBUG] [2022-07-15 18:50:25] PlatformDependent.<clinit>(178) | -Dio.netty.maxDirectMemory: -1 bytes
[DEBUG] [2022-07-15 18:50:25] PlatformDependent.<clinit>(185) | -Dio.netty.uninitializedArrayAllocationThreshold: -1
[DEBUG] [2022-07-15 18:50:25] CleanerJava9.<clinit>(71) | java.nio.ByteBuffer.cleaner(): available
[DEBUG] [2022-07-15 18:50:25] PlatformDependent.<clinit>(205) | -Dio.netty.noPreferDirect: false
[DEBUG] [2022-07-15 18:50:25] NetUtil$SoMaxConnAction.run(173) | /proc/sys/net/core/somaxconn: 4096
[DEBUG] [2022-07-15 18:50:25] ThreadPoolConfig.<init>(54) | Init ThreadPoolConfig, channelProcessorThreadSize: 16, receiptProcessorThreadSize: 16, maxBlockingQueueSize: 102400
[DEBUG] [2022-07-15 18:50:25] DefaultSingletonBeanRegistry.getSingleton(225) | Creating shared instance of singleton bean 'bcosSDK'
[DEBUG] [2022-07-15 18:50:25] ResourceLeakDetector.<clinit>(129) | -Dio.netty.leakDetection.level: simple
[DEBUG] [2022-07-15 18:50:25] ResourceLeakDetector.<clinit>(130) | -Dio.netty.leakDetection.targetRecords: 4
[DEBUG] [2022-07-15 18:50:25] ResourceLeakDetectorFactory$DefaultResourceLeakDetectorFactory.newResourceLeakDetector(196) | Loaded default ResourceLeakDetector: io.netty.util.ResourceLeakDetector@28f2a10f
[DEBUG] [2022-07-15 18:50:25] PlatformDependent$Mpsc.<clinit>(971) | org.jctools-core.MpscChunkedArrayQueue: available
[DEBUG] [2022-07-15 18:50:25] InternalThreadLocalMap.<clinit>(86) | -Dio.netty.threadLocalMap.stringBuilder.initialSize: 1024
[DEBUG] [2022-07-15 18:50:25] InternalThreadLocalMap.<clinit>(89) | -Dio.netty.threadLocalMap.stringBuilder.maxSize: 4096
[INFO] [2022-07-15 18:50:25] ConnectionManager.<init>(88) |  all connections, size: 2, list: [ConnectionInfo{host='127.0.0.1', port=20200}, ConnectionInfo{host='127.0.0.1', port=20201}]
[INFO] [2022-07-15 18:50:25] NetworkImp.start(167) | 
* TRACE INFORMATION:
----------------------------
====> STEP1: try to connect nodes with ecdsa context...

[INFO] [2022-07-15 18:50:25] NetworkImp.start(174) | ====> <==== STEP1-1: Load certificates for ecdsa context success..., start connManager with ECDSA sslContext
[DEBUG] [2022-07-15 18:50:25] ConnectionManager.startConnect(99) |  start connect. 
[DEBUG] [2022-07-15 18:50:25] MultithreadEventLoopGroup.<clinit>(44) | -Dio.netty.eventLoopThreads: 2
[DEBUG] [2022-07-15 18:50:25] NioEventLoop.<clinit>(109) | -Dio.netty.noKeySetOptimization: false
[DEBUG] [2022-07-15 18:50:25] NioEventLoop.<clinit>(110) | -Dio.netty.selectorAutoRebuildThreshold: 512
[INFO] [2022-07-15 18:50:25] ConnectionManager.initSslContext(238) |  build ECDSA ssl context with configured certificates 
[DEBUG] [2022-07-15 18:50:25] AbstractByteBuf.<clinit>(63) | -Dio.netty.buffer.checkAccessible: true
[DEBUG] [2022-07-15 18:50:25] AbstractByteBuf.<clinit>(64) | -Dio.netty.buffer.checkBounds: true
[DEBUG] [2022-07-15 18:50:25] ResourceLeakDetectorFactory$DefaultResourceLeakDetectorFactory.newResourceLeakDetector(196) | Loaded default ResourceLeakDetector: io.netty.util.ResourceLeakDetector@5b1ebf56
[DEBUG] [2022-07-15 18:50:25] PooledByteBufAllocator.<clinit>(157) | -Dio.netty.allocator.numHeapArenas: 2
[DEBUG] [2022-07-15 18:50:25] PooledByteBufAllocator.<clinit>(158) | -Dio.netty.allocator.numDirectArenas: 2
[DEBUG] [2022-07-15 18:50:25] PooledByteBufAllocator.<clinit>(160) | -Dio.netty.allocator.pageSize: 8192
[DEBUG] [2022-07-15 18:50:25] PooledByteBufAllocator.<clinit>(165) | -Dio.netty.allocator.maxOrder: 9
[DEBUG] [2022-07-15 18:50:25] PooledByteBufAllocator.<clinit>(169) | -Dio.netty.allocator.chunkSize: 4194304
[DEBUG] [2022-07-15 18:50:25] PooledByteBufAllocator.<clinit>(170) | -Dio.netty.allocator.smallCacheSize: 256
[DEBUG] [2022-07-15 18:50:25] PooledByteBufAllocator.<clinit>(171) | -Dio.netty.allocator.normalCacheSize: 64
[DEBUG] [2022-07-15 18:50:25] PooledByteBufAllocator.<clinit>(172) | -Dio.netty.allocator.maxCachedBufferCapacity: 32768
[DEBUG] [2022-07-15 18:50:25] PooledByteBufAllocator.<clinit>(173) | -Dio.netty.allocator.cacheTrimInterval: 8192
[DEBUG] [2022-07-15 18:50:25] PooledByteBufAllocator.<clinit>(174) | -Dio.netty.allocator.cacheTrimIntervalMillis: 0
[DEBUG] [2022-07-15 18:50:25] PooledByteBufAllocator.<clinit>(175) | -Dio.netty.allocator.useCacheForAllThreads: false
[DEBUG] [2022-07-15 18:50:25] PooledByteBufAllocator.<clinit>(176) | -Dio.netty.allocator.maxCachedByteBuffersPerChunk: 1023
[DEBUG] [2022-07-15 18:50:25] ByteBufUtil.<clinit>(87) | -Dio.netty.allocator.type: pooled
[DEBUG] [2022-07-15 18:50:25] ByteBufUtil.<clinit>(96) | -Dio.netty.threadLocalDirectBufferSize: 0
[DEBUG] [2022-07-15 18:50:25] ByteBufUtil.<clinit>(99) | -Dio.netty.maxThreadLocalCharBufferSize: 16384
[DEBUG] [2022-07-15 18:50:26] NativeLibraryLoader.<clinit>(78) | -Dio.netty.native.workdir: /tmp (io.netty.tmpdir)
[DEBUG] [2022-07-15 18:50:26] NativeLibraryLoader.<clinit>(83) | -Dio.netty.native.deleteLibAfterLoading: true
[DEBUG] [2022-07-15 18:50:26] NativeLibraryLoader.<clinit>(87) | -Dio.netty.native.tryPatchShadedId: true
[DEBUG] [2022-07-15 18:50:26] NativeLibraryLoader.<clinit>(91) | -Dio.netty.native.detectNativeLibraryDuplicates: true
[DEBUG] [2022-07-15 18:50:26] NativeLibraryLoader.loadLibrary(384) | Successfully loaded the library /tmp/libnetty_tcnative_linux_x86_641593379618547791915.so
[DEBUG] [2022-07-15 18:50:26] NativeLibraryLoader.loadFirstAvailable(106) | Loaded library with name 'netty_tcnative_linux_x86_64'
[DEBUG] [2022-07-15 18:50:26] OpenSsl.<clinit>(159) | Initialize netty-tcnative using engine: 'default'
[DEBUG] [2022-07-15 18:50:26] OpenSsl.<clinit>(184) | netty-tcnative using native library: OpenSSL/TaSSL 1.0.2o  27 Mar 2018
[DEBUG] [2022-07-15 18:50:26] ResourceLeakDetectorFactory$DefaultResourceLeakDetectorFactory.newResourceLeakDetector(196) | Loaded default ResourceLeakDetector: io.netty.util.ResourceLeakDetector@57eda880
[DEBUG] [2022-07-15 18:50:26] Recycler.<clinit>(85) | -Dio.netty.recycler.maxCapacityPerThread: 4096
[DEBUG] [2022-07-15 18:50:26] Recycler.<clinit>(86) | -Dio.netty.recycler.ratio: 8
[DEBUG] [2022-07-15 18:50:26] Recycler.<clinit>(87) | -Dio.netty.recycler.chunkSize: 32
[DEBUG] [2022-07-15 18:50:26] Recycler.<clinit>(88) | -Dio.netty.recycler.blocking: false
[DEBUG] [2022-07-15 18:50:26] CipherSuiteConverter.cacheFromOpenSsl(332) | Cipher suite mapping: TLS_ECDHE_RSA_WITH_AES_256_GCM_SHA384 => ECDHE-RSA-AES256-GCM-SHA384
[DEBUG] [2022-07-15 18:50:26] CipherSuiteConverter.cacheFromOpenSsl(333) | Cipher suite mapping: SSL_ECDHE_RSA_WITH_AES_256_GCM_SHA384 => ECDHE-RSA-AES256-GCM-SHA384
[DEBUG] [2022-07-15 18:50:26] CipherSuiteConverter.cacheFromOpenSsl(332) | Cipher suite mapping: TLS_ECDHE_ECDSA_WITH_AES_256_GCM_SHA384 => ECDHE-ECDSA-AES256-GCM-SHA384
[DEBUG] [2022-07-15 18:50:26] CipherSuiteConverter.cacheFromOpenSsl(333) | Cipher suite mapping: SSL_ECDHE_ECDSA_WITH_AES_256_GCM_SHA384 => ECDHE-ECDSA-AES256-GCM-SHA384
[DEBUG] [2022-07-15 18:50:26] CipherSuiteConverter.cacheFromOpenSsl(332) | Cipher suite mapping: TLS_ECDHE_RSA_WITH_AES_256_CBC_SHA384 => ECDHE-RSA-AES256-SHA384
[DEBUG] [2022-07-15 18:50:26] CipherSuiteConverter.cacheFromOpenSsl(333) | Cipher suite mapping: SSL_ECDHE_RSA_WITH_AES_256_CBC_SHA384 => ECDHE-RSA-AES256-SHA384
[DEBUG] [2022-07-15 18:50:26] CipherSuiteConverter.cacheFromOpenSsl(332) | Cipher suite mapping: TLS_ECDHE_ECDSA_WITH_AES_256_CBC_SHA384 => ECDHE-ECDSA-AES256-SHA384
[DEBUG] [2022-07-15 18:50:26] CipherSuiteConverter.cacheFromOpenSsl(333) | Cipher suite mapping: SSL_ECDHE_ECDSA_WITH_AES_256_CBC_SHA384 => ECDHE-ECDSA-AES256-SHA384
[DEBUG] [2022-07-15 18:50:26] CipherSuiteConverter.cacheFromOpenSsl(332) | Cipher suite mapping: TLS_ECDHE_RSA_WITH_AES_256_CBC_SHA => ECDHE-RSA-AES256-SHA
[DEBUG] [2022-07-15 18:50:26] CipherSuiteConverter.cacheFromOpenSsl(333) | Cipher suite mapping: SSL_ECDHE_RSA_WITH_AES_256_CBC_SHA => ECDHE-RSA-AES256-SHA
[DEBUG] [2022-07-15 18:50:26] CipherSuiteConverter.cacheFromOpenSsl(332) | Cipher suite mapping: TLS_ECDHE_ECDSA_WITH_AES_256_CBC_SHA => ECDHE-ECDSA-AES256-SHA
[DEBUG] [2022-07-15 18:50:26] CipherSuiteConverter.cacheFromOpenSsl(333) | Cipher suite mapping: SSL_ECDHE_ECDSA_WITH_AES_256_CBC_SHA => ECDHE-ECDSA-AES256-SHA
[DEBUG] [2022-07-15 18:50:26] CipherSuiteConverter.cacheFromOpenSsl(332) | Cipher suite mapping: TLS_SRP_DSS_WITH_AES_256_CBC_SHA => SRP-DSS-AES-256-CBC-SHA
[DEBUG] [2022-07-15 18:50:26] CipherSuiteConverter.cacheFromOpenSsl(333) | Cipher suite mapping: SSL_SRP_DSS_WITH_AES_256_CBC_SHA => SRP-DSS-AES-256-CBC-SHA
[DEBUG] [2022-07-15 18:50:26] CipherSuiteConverter.cacheFromOpenSsl(332) | Cipher suite mapping: TLS_SRP_RSA_WITH_AES_256_CBC_SHA => SRP-RSA-AES-256-CBC-SHA
[DEBUG] [2022-07-15 18:50:26] CipherSuiteConverter.cacheFromOpenSsl(333) | Cipher suite mapping: SSL_SRP_RSA_WITH_AES_256_CBC_SHA => SRP-RSA-AES-256-CBC-SHA
[DEBUG] [2022-07-15 18:50:26] CipherSuiteConverter.cacheFromOpenSsl(332) | Cipher suite mapping: TLS_SRP_WITH_AES_256_CBC_SHA => SRP-AES-256-CBC-SHA
[DEBUG] [2022-07-15 18:50:26] CipherSuiteConverter.cacheFromOpenSsl(333) | Cipher suite mapping: SSL_SRP_WITH_AES_256_CBC_SHA => SRP-AES-256-CBC-SHA
[DEBUG] [2022-07-15 18:50:26] CipherSuiteConverter.cacheFromOpenSsl(332) | Cipher suite mapping: TLS_RSA_WITH_DH_DSS_AES256_GCM_SHA384 => DH-DSS-AES256-GCM-SHA384
[DEBUG] [2022-07-15 18:50:26] CipherSuiteConverter.cacheFromOpenSsl(333) | Cipher suite mapping: SSL_RSA_WITH_DH_DSS_AES256_GCM_SHA384 => DH-DSS-AES256-GCM-SHA384
[DEBUG] [2022-07-15 18:50:26] CipherSuiteConverter.cacheFromOpenSsl(332) | Cipher suite mapping: TLS_DHE_DSS_WITH_AES_256_GCM_SHA384 => DHE-DSS-AES256-GCM-SHA384
[DEBUG] [2022-07-15 18:50:26] CipherSuiteConverter.cacheFromOpenSsl(333) | Cipher suite mapping: SSL_DHE_DSS_WITH_AES_256_GCM_SHA384 => DHE-DSS-AES256-GCM-SHA384
[DEBUG] [2022-07-15 18:50:26] CipherSuiteConverter.cacheFromOpenSsl(332) | Cipher suite mapping: TLS_RSA_WITH_DH_RSA_AES256_GCM_SHA384 => DH-RSA-AES256-GCM-SHA384
[DEBUG] [2022-07-15 18:50:26] CipherSuiteConverter.cacheFromOpenSsl(333) | Cipher suite mapping: SSL_RSA_WITH_DH_RSA_AES256_GCM_SHA384 => DH-RSA-AES256-GCM-SHA384
[DEBUG] [2022-07-15 18:50:26] CipherSuiteConverter.cacheFromOpenSsl(332) | Cipher suite mapping: TLS_DHE_RSA_WITH_AES_256_GCM_SHA384 => DHE-RSA-AES256-GCM-SHA384
[DEBUG] [2022-07-15 18:50:26] CipherSuiteConverter.cacheFromOpenSsl(333) | Cipher suite mapping: SSL_DHE_RSA_WITH_AES_256_GCM_SHA384 => DHE-RSA-AES256-GCM-SHA384
[DEBUG] [2022-07-15 18:50:26] CipherSuiteConverter.cacheFromOpenSsl(332) | Cipher suite mapping: TLS_DHE_RSA_WITH_AES_256_CBC_SHA256 => DHE-RSA-AES256-SHA256
[DEBUG] [2022-07-15 18:50:26] CipherSuiteConverter.cacheFromOpenSsl(333) | Cipher suite mapping: SSL_DHE_RSA_WITH_AES_256_CBC_SHA256 => DHE-RSA-AES256-SHA256
[DEBUG] [2022-07-15 18:50:26] CipherSuiteConverter.cacheFromOpenSsl(332) | Cipher suite mapping: TLS_DHE_DSS_WITH_AES_256_CBC_SHA256 => DHE-DSS-AES256-SHA256
[DEBUG] [2022-07-15 18:50:26] CipherSuiteConverter.cacheFromOpenSsl(333) | Cipher suite mapping: SSL_DHE_DSS_WITH_AES_256_CBC_SHA256 => DHE-DSS-AES256-SHA256
[DEBUG] [2022-07-15 18:50:26] CipherSuiteConverter.cacheFromOpenSsl(332) | Cipher suite mapping: TLS_RSA_WITH_DH_RSA_AES256_SHA256 => DH-RSA-AES256-SHA256
[DEBUG] [2022-07-15 18:50:26] CipherSuiteConverter.cacheFromOpenSsl(333) | Cipher suite mapping: SSL_RSA_WITH_DH_RSA_AES256_SHA256 => DH-RSA-AES256-SHA256
[DEBUG] [2022-07-15 18:50:26] CipherSuiteConverter.cacheFromOpenSsl(332) | Cipher suite mapping: TLS_RSA_WITH_DH_DSS_AES256_SHA256 => DH-DSS-AES256-SHA256
[DEBUG] [2022-07-15 18:50:26] CipherSuiteConverter.cacheFromOpenSsl(333) | Cipher suite mapping: SSL_RSA_WITH_DH_DSS_AES256_SHA256 => DH-DSS-AES256-SHA256
[DEBUG] [2022-07-15 18:50:26] CipherSuiteConverter.cacheFromOpenSsl(332) | Cipher suite mapping: TLS_DHE_RSA_WITH_AES_256_CBC_SHA => DHE-RSA-AES256-SHA
[DEBUG] [2022-07-15 18:50:26] CipherSuiteConverter.cacheFromOpenSsl(333) | Cipher suite mapping: SSL_DHE_RSA_WITH_AES_256_CBC_SHA => DHE-RSA-AES256-SHA
[DEBUG] [2022-07-15 18:50:26] CipherSuiteConverter.cacheFromOpenSsl(332) | Cipher suite mapping: TLS_DHE_DSS_WITH_AES_256_CBC_SHA => DHE-DSS-AES256-SHA
[DEBUG] [2022-07-15 18:50:26] CipherSuiteConverter.cacheFromOpenSsl(333) | Cipher suite mapping: SSL_DHE_DSS_WITH_AES_256_CBC_SHA => DHE-DSS-AES256-SHA
[DEBUG] [2022-07-15 18:50:26] CipherSuiteConverter.cacheFromOpenSsl(332) | Cipher suite mapping: TLS_RSA_WITH_DH_RSA_AES256_SHA => DH-RSA-AES256-SHA
[DEBUG] [2022-07-15 18:50:26] CipherSuiteConverter.cacheFromOpenSsl(333) | Cipher suite mapping: SSL_RSA_WITH_DH_RSA_AES256_SHA => DH-RSA-AES256-SHA
[DEBUG] [2022-07-15 18:50:26] CipherSuiteConverter.cacheFromOpenSsl(332) | Cipher suite mapping: TLS_RSA_WITH_DH_DSS_AES256_SHA => DH-DSS-AES256-SHA
[DEBUG] [2022-07-15 18:50:26] CipherSuiteConverter.cacheFromOpenSsl(333) | Cipher suite mapping: SSL_RSA_WITH_DH_DSS_AES256_SHA => DH-DSS-AES256-SHA
[DEBUG] [2022-07-15 18:50:26] CipherSuiteConverter.cacheFromOpenSsl(332) | Cipher suite mapping: TLS_DHE_RSA_WITH_CAMELLIA256_SHA => DHE-RSA-CAMELLIA256-SHA
[DEBUG] [2022-07-15 18:50:26] CipherSuiteConverter.cacheFromOpenSsl(333) | Cipher suite mapping: SSL_DHE_RSA_WITH_CAMELLIA256_SHA => DHE-RSA-CAMELLIA256-SHA
[DEBUG] [2022-07-15 18:50:26] CipherSuiteConverter.cacheFromOpenSsl(332) | Cipher suite mapping: TLS_DHE_DSS_WITH_CAMELLIA256_SHA => DHE-DSS-CAMELLIA256-SHA
[DEBUG] [2022-07-15 18:50:26] CipherSuiteConverter.cacheFromOpenSsl(333) | Cipher suite mapping: SSL_DHE_DSS_WITH_CAMELLIA256_SHA => DHE-DSS-CAMELLIA256-SHA
[DEBUG] [2022-07-15 18:50:26] CipherSuiteConverter.cacheFromOpenSsl(332) | Cipher suite mapping: TLS_RSA_WITH_DH_RSA_CAMELLIA256_SHA => DH-RSA-CAMELLIA256-SHA
[DEBUG] [2022-07-15 18:50:26] CipherSuiteConverter.cacheFromOpenSsl(333) | Cipher suite mapping: SSL_RSA_WITH_DH_RSA_CAMELLIA256_SHA => DH-RSA-CAMELLIA256-SHA
[DEBUG] [2022-07-15 18:50:26] CipherSuiteConverter.cacheFromOpenSsl(332) | Cipher suite mapping: TLS_RSA_WITH_DH_DSS_CAMELLIA256_SHA => DH-DSS-CAMELLIA256-SHA
[DEBUG] [2022-07-15 18:50:26] CipherSuiteConverter.cacheFromOpenSsl(333) | Cipher suite mapping: SSL_RSA_WITH_DH_DSS_CAMELLIA256_SHA => DH-DSS-CAMELLIA256-SHA
[DEBUG] [2022-07-15 18:50:26] CipherSuiteConverter.cacheFromOpenSsl(332) | Cipher suite mapping: TLS_ECDH_anon_WITH_AES_256_CBC_SHA => AECDH-AES256-SHA
[DEBUG] [2022-07-15 18:50:26] CipherSuiteConverter.cacheFromOpenSsl(333) | Cipher suite mapping: SSL_ECDH_anon_WITH_AES_256_CBC_SHA => AECDH-AES256-SHA
[DEBUG] [2022-07-15 18:50:26] CipherSuiteConverter.cacheFromOpenSsl(332) | Cipher suite mapping: TLS_DH_anon_WITH_AES_256_GCM_SHA384 => ADH-AES256-GCM-SHA384
[DEBUG] [2022-07-15 18:50:26] CipherSuiteConverter.cacheFromOpenSsl(333) | Cipher suite mapping: SSL_DH_anon_WITH_AES_256_GCM_SHA384 => ADH-AES256-GCM-SHA384
[DEBUG] [2022-07-15 18:50:26] CipherSuiteConverter.cacheFromOpenSsl(332) | Cipher suite mapping: TLS_DH_anon_WITH_AES_256_CBC_SHA256 => ADH-AES256-SHA256
[DEBUG] [2022-07-15 18:50:26] CipherSuiteConverter.cacheFromOpenSsl(333) | Cipher suite mapping: SSL_DH_anon_WITH_AES_256_CBC_SHA256 => ADH-AES256-SHA256
[DEBUG] [2022-07-15 18:50:26] CipherSuiteConverter.cacheFromOpenSsl(332) | Cipher suite mapping: TLS_DH_anon_WITH_AES_256_CBC_SHA => ADH-AES256-SHA
[DEBUG] [2022-07-15 18:50:26] CipherSuiteConverter.cacheFromOpenSsl(333) | Cipher suite mapping: SSL_DH_anon_WITH_AES_256_CBC_SHA => ADH-AES256-SHA
[DEBUG] [2022-07-15 18:50:26] CipherSuiteConverter.cacheFromOpenSsl(332) | Cipher suite mapping: TLS_DH_anon_WITH_CAMELLIA256_SHA => ADH-CAMELLIA256-SHA
[DEBUG] [2022-07-15 18:50:26] CipherSuiteConverter.cacheFromOpenSsl(333) | Cipher suite mapping: SSL_DH_anon_WITH_CAMELLIA256_SHA => ADH-CAMELLIA256-SHA
[DEBUG] [2022-07-15 18:50:26] CipherSuiteConverter.cacheFromOpenSsl(332) | Cipher suite mapping: TLS_ECDH_RSA_WITH_AES_256_GCM_SHA384 => ECDH-RSA-AES256-GCM-SHA384
[DEBUG] [2022-07-15 18:50:26] CipherSuiteConverter.cacheFromOpenSsl(333) | Cipher suite mapping: SSL_ECDH_RSA_WITH_AES_256_GCM_SHA384 => ECDH-RSA-AES256-GCM-SHA384
[DEBUG] [2022-07-15 18:50:26] CipherSuiteConverter.cacheFromOpenSsl(332) | Cipher suite mapping: TLS_ECDH_ECDSA_WITH_AES_256_GCM_SHA384 => ECDH-ECDSA-AES256-GCM-SHA384
[DEBUG] [2022-07-15 18:50:26] CipherSuiteConverter.cacheFromOpenSsl(333) | Cipher suite mapping: SSL_ECDH_ECDSA_WITH_AES_256_GCM_SHA384 => ECDH-ECDSA-AES256-GCM-SHA384
[DEBUG] [2022-07-15 18:50:26] CipherSuiteConverter.cacheFromOpenSsl(332) | Cipher suite mapping: TLS_ECDH_RSA_WITH_AES_256_CBC_SHA384 => ECDH-RSA-AES256-SHA384
[DEBUG] [2022-07-15 18:50:26] CipherSuiteConverter.cacheFromOpenSsl(333) | Cipher suite mapping: SSL_ECDH_RSA_WITH_AES_256_CBC_SHA384 => ECDH-RSA-AES256-SHA384
[DEBUG] [2022-07-15 18:50:26] CipherSuiteConverter.cacheFromOpenSsl(332) | Cipher suite mapping: TLS_ECDH_ECDSA_WITH_AES_256_CBC_SHA384 => ECDH-ECDSA-AES256-SHA384
[DEBUG] [2022-07-15 18:50:26] CipherSuiteConverter.cacheFromOpenSsl(333) | Cipher suite mapping: SSL_ECDH_ECDSA_WITH_AES_256_CBC_SHA384 => ECDH-ECDSA-AES256-SHA384
[DEBUG] [2022-07-15 18:50:26] CipherSuiteConverter.cacheFromOpenSsl(332) | Cipher suite mapping: TLS_ECDH_RSA_WITH_AES_256_CBC_SHA => ECDH-RSA-AES256-SHA
[DEBUG] [2022-07-15 18:50:26] CipherSuiteConverter.cacheFromOpenSsl(333) | Cipher suite mapping: SSL_ECDH_RSA_WITH_AES_256_CBC_SHA => ECDH-RSA-AES256-SHA
[DEBUG] [2022-07-15 18:50:26] CipherSuiteConverter.cacheFromOpenSsl(332) | Cipher suite mapping: TLS_ECDH_ECDSA_WITH_AES_256_CBC_SHA => ECDH-ECDSA-AES256-SHA
[DEBUG] [2022-07-15 18:50:26] CipherSuiteConverter.cacheFromOpenSsl(333) | Cipher suite mapping: SSL_ECDH_ECDSA_WITH_AES_256_CBC_SHA => ECDH-ECDSA-AES256-SHA
[DEBUG] [2022-07-15 18:50:26] CipherSuiteConverter.cacheFromOpenSsl(332) | Cipher suite mapping: TLS_RSA_WITH_AES_256_GCM_SHA384 => AES256-GCM-SHA384
[DEBUG] [2022-07-15 18:50:26] CipherSuiteConverter.cacheFromOpenSsl(333) | Cipher suite mapping: SSL_RSA_WITH_AES_256_GCM_SHA384 => AES256-GCM-SHA384
[DEBUG] [2022-07-15 18:50:26] CipherSuiteConverter.cacheFromOpenSsl(332) | Cipher suite mapping: TLS_RSA_WITH_AES_256_CBC_SHA256 => AES256-SHA256
[DEBUG] [2022-07-15 18:50:26] CipherSuiteConverter.cacheFromOpenSsl(333) | Cipher suite mapping: SSL_RSA_WITH_AES_256_CBC_SHA256 => AES256-SHA256
[DEBUG] [2022-07-15 18:50:26] CipherSuiteConverter.cacheFromOpenSsl(332) | Cipher suite mapping: TLS_RSA_WITH_AES_256_CBC_SHA => AES256-SHA
[DEBUG] [2022-07-15 18:50:26] CipherSuiteConverter.cacheFromOpenSsl(333) | Cipher suite mapping: SSL_RSA_WITH_AES_256_CBC_SHA => AES256-SHA
[DEBUG] [2022-07-15 18:50:26] CipherSuiteConverter.cacheFromOpenSsl(332) | Cipher suite mapping: TLS_RSA_WITH_CAMELLIA256_SHA => CAMELLIA256-SHA
[DEBUG] [2022-07-15 18:50:26] CipherSuiteConverter.cacheFromOpenSsl(333) | Cipher suite mapping: SSL_RSA_WITH_CAMELLIA256_SHA => CAMELLIA256-SHA
[DEBUG] [2022-07-15 18:50:26] CipherSuiteConverter.cacheFromOpenSsl(332) | Cipher suite mapping: TLS_PSK_WITH_AES_256_CBC_SHA => PSK-AES256-CBC-SHA
[DEBUG] [2022-07-15 18:50:26] CipherSuiteConverter.cacheFromOpenSsl(333) | Cipher suite mapping: SSL_PSK_WITH_AES_256_CBC_SHA => PSK-AES256-CBC-SHA
[DEBUG] [2022-07-15 18:50:26] CipherSuiteConverter.cacheFromOpenSsl(332) | Cipher suite mapping: TLS_ECDHE_RSA_WITH_AES_128_GCM_SHA256 => ECDHE-RSA-AES128-GCM-SHA256
[DEBUG] [2022-07-15 18:50:26] CipherSuiteConverter.cacheFromOpenSsl(333) | Cipher suite mapping: SSL_ECDHE_RSA_WITH_AES_128_GCM_SHA256 => ECDHE-RSA-AES128-GCM-SHA256
[DEBUG] [2022-07-15 18:50:26] CipherSuiteConverter.cacheFromOpenSsl(332) | Cipher suite mapping: TLS_ECDHE_ECDSA_WITH_AES_128_GCM_SHA256 => ECDHE-ECDSA-AES128-GCM-SHA256
[DEBUG] [2022-07-15 18:50:26] CipherSuiteConverter.cacheFromOpenSsl(333) | Cipher suite mapping: SSL_ECDHE_ECDSA_WITH_AES_128_GCM_SHA256 => ECDHE-ECDSA-AES128-GCM-SHA256
[DEBUG] [2022-07-15 18:50:26] CipherSuiteConverter.cacheFromOpenSsl(332) | Cipher suite mapping: TLS_ECDHE_RSA_WITH_AES_128_CBC_SHA256 => ECDHE-RSA-AES128-SHA256
[DEBUG] [2022-07-15 18:50:26] CipherSuiteConverter.cacheFromOpenSsl(333) | Cipher suite mapping: SSL_ECDHE_RSA_WITH_AES_128_CBC_SHA256 => ECDHE-RSA-AES128-SHA256
[DEBUG] [2022-07-15 18:50:26] CipherSuiteConverter.cacheFromOpenSsl(332) | Cipher suite mapping: TLS_ECDHE_ECDSA_WITH_AES_128_CBC_SHA256 => ECDHE-ECDSA-AES128-SHA256
[DEBUG] [2022-07-15 18:50:26] CipherSuiteConverter.cacheFromOpenSsl(333) | Cipher suite mapping: SSL_ECDHE_ECDSA_WITH_AES_128_CBC_SHA256 => ECDHE-ECDSA-AES128-SHA256
[DEBUG] [2022-07-15 18:50:26] CipherSuiteConverter.cacheFromOpenSsl(332) | Cipher suite mapping: TLS_ECDHE_RSA_WITH_AES_128_CBC_SHA => ECDHE-RSA-AES128-SHA
[DEBUG] [2022-07-15 18:50:26] CipherSuiteConverter.cacheFromOpenSsl(333) | Cipher suite mapping: SSL_ECDHE_RSA_WITH_AES_128_CBC_SHA => ECDHE-RSA-AES128-SHA
[DEBUG] [2022-07-15 18:50:26] CipherSuiteConverter.cacheFromOpenSsl(332) | Cipher suite mapping: TLS_ECDHE_ECDSA_WITH_AES_128_CBC_SHA => ECDHE-ECDSA-AES128-SHA
[DEBUG] [2022-07-15 18:50:26] CipherSuiteConverter.cacheFromOpenSsl(333) | Cipher suite mapping: SSL_ECDHE_ECDSA_WITH_AES_128_CBC_SHA => ECDHE-ECDSA-AES128-SHA
[DEBUG] [2022-07-15 18:50:26] CipherSuiteConverter.cacheFromOpenSsl(332) | Cipher suite mapping: TLS_SRP_DSS_WITH_AES_128_CBC_SHA => SRP-DSS-AES-128-CBC-SHA
[DEBUG] [2022-07-15 18:50:26] CipherSuiteConverter.cacheFromOpenSsl(333) | Cipher suite mapping: SSL_SRP_DSS_WITH_AES_128_CBC_SHA => SRP-DSS-AES-128-CBC-SHA
[DEBUG] [2022-07-15 18:50:26] CipherSuiteConverter.cacheFromOpenSsl(332) | Cipher suite mapping: TLS_SRP_RSA_WITH_AES_128_CBC_SHA => SRP-RSA-AES-128-CBC-SHA
[DEBUG] [2022-07-15 18:50:26] CipherSuiteConverter.cacheFromOpenSsl(333) | Cipher suite mapping: SSL_SRP_RSA_WITH_AES_128_CBC_SHA => SRP-RSA-AES-128-CBC-SHA
[DEBUG] [2022-07-15 18:50:26] CipherSuiteConverter.cacheFromOpenSsl(332) | Cipher suite mapping: TLS_SRP_WITH_AES_128_CBC_SHA => SRP-AES-128-CBC-SHA
[DEBUG] [2022-07-15 18:50:26] CipherSuiteConverter.cacheFromOpenSsl(333) | Cipher suite mapping: SSL_SRP_WITH_AES_128_CBC_SHA => SRP-AES-128-CBC-SHA
[DEBUG] [2022-07-15 18:50:26] CipherSuiteConverter.cacheFromOpenSsl(332) | Cipher suite mapping: TLS_RSA_WITH_DH_DSS_AES128_GCM_SHA256 => DH-DSS-AES128-GCM-SHA256
[DEBUG] [2022-07-15 18:50:26] CipherSuiteConverter.cacheFromOpenSsl(333) | Cipher suite mapping: SSL_RSA_WITH_DH_DSS_AES128_GCM_SHA256 => DH-DSS-AES128-GCM-SHA256
[DEBUG] [2022-07-15 18:50:26] CipherSuiteConverter.cacheFromOpenSsl(332) | Cipher suite mapping: TLS_DHE_DSS_WITH_AES_128_GCM_SHA256 => DHE-DSS-AES128-GCM-SHA256
[DEBUG] [2022-07-15 18:50:26] CipherSuiteConverter.cacheFromOpenSsl(333) | Cipher suite mapping: SSL_DHE_DSS_WITH_AES_128_GCM_SHA256 => DHE-DSS-AES128-GCM-SHA256
[DEBUG] [2022-07-15 18:50:26] CipherSuiteConverter.cacheFromOpenSsl(332) | Cipher suite mapping: TLS_RSA_WITH_DH_RSA_AES128_GCM_SHA256 => DH-RSA-AES128-GCM-SHA256
[DEBUG] [2022-07-15 18:50:26] CipherSuiteConverter.cacheFromOpenSsl(333) | Cipher suite mapping: SSL_RSA_WITH_DH_RSA_AES128_GCM_SHA256 => DH-RSA-AES128-GCM-SHA256
[DEBUG] [2022-07-15 18:50:26] CipherSuiteConverter.cacheFromOpenSsl(332) | Cipher suite mapping: TLS_DHE_RSA_WITH_AES_128_GCM_SHA256 => DHE-RSA-AES128-GCM-SHA256
[DEBUG] [2022-07-15 18:50:26] CipherSuiteConverter.cacheFromOpenSsl(333) | Cipher suite mapping: SSL_DHE_RSA_WITH_AES_128_GCM_SHA256 => DHE-RSA-AES128-GCM-SHA256
[DEBUG] [2022-07-15 18:50:26] CipherSuiteConverter.cacheFromOpenSsl(332) | Cipher suite mapping: TLS_DHE_RSA_WITH_AES_128_CBC_SHA256 => DHE-RSA-AES128-SHA256
[DEBUG] [2022-07-15 18:50:26] CipherSuiteConverter.cacheFromOpenSsl(333) | Cipher suite mapping: SSL_DHE_RSA_WITH_AES_128_CBC_SHA256 => DHE-RSA-AES128-SHA256
[DEBUG] [2022-07-15 18:50:26] CipherSuiteConverter.cacheFromOpenSsl(332) | Cipher suite mapping: TLS_DHE_DSS_WITH_AES_128_CBC_SHA256 => DHE-DSS-AES128-SHA256
[DEBUG] [2022-07-15 18:50:26] CipherSuiteConverter.cacheFromOpenSsl(333) | Cipher suite mapping: SSL_DHE_DSS_WITH_AES_128_CBC_SHA256 => DHE-DSS-AES128-SHA256
[DEBUG] [2022-07-15 18:50:26] CipherSuiteConverter.cacheFromOpenSsl(332) | Cipher suite mapping: TLS_RSA_WITH_DH_RSA_AES128_SHA256 => DH-RSA-AES128-SHA256
[DEBUG] [2022-07-15 18:50:26] CipherSuiteConverter.cacheFromOpenSsl(333) | Cipher suite mapping: SSL_RSA_WITH_DH_RSA_AES128_SHA256 => DH-RSA-AES128-SHA256
[DEBUG] [2022-07-15 18:50:26] CipherSuiteConverter.cacheFromOpenSsl(332) | Cipher suite mapping: TLS_RSA_WITH_DH_DSS_AES128_SHA256 => DH-DSS-AES128-SHA256
[DEBUG] [2022-07-15 18:50:26] CipherSuiteConverter.cacheFromOpenSsl(333) | Cipher suite mapping: SSL_RSA_WITH_DH_DSS_AES128_SHA256 => DH-DSS-AES128-SHA256
[DEBUG] [2022-07-15 18:50:26] CipherSuiteConverter.cacheFromOpenSsl(332) | Cipher suite mapping: TLS_DHE_RSA_WITH_AES_128_CBC_SHA => DHE-RSA-AES128-SHA
[DEBUG] [2022-07-15 18:50:26] CipherSuiteConverter.cacheFromOpenSsl(333) | Cipher suite mapping: SSL_DHE_RSA_WITH_AES_128_CBC_SHA => DHE-RSA-AES128-SHA
[DEBUG] [2022-07-15 18:50:26] CipherSuiteConverter.cacheFromOpenSsl(332) | Cipher suite mapping: TLS_DHE_DSS_WITH_AES_128_CBC_SHA => DHE-DSS-AES128-SHA
[DEBUG] [2022-07-15 18:50:26] CipherSuiteConverter.cacheFromOpenSsl(333) | Cipher suite mapping: SSL_DHE_DSS_WITH_AES_128_CBC_SHA => DHE-DSS-AES128-SHA
[DEBUG] [2022-07-15 18:50:26] CipherSuiteConverter.cacheFromOpenSsl(332) | Cipher suite mapping: TLS_RSA_WITH_DH_RSA_AES128_SHA => DH-RSA-AES128-SHA
[DEBUG] [2022-07-15 18:50:26] CipherSuiteConverter.cacheFromOpenSsl(333) | Cipher suite mapping: SSL_RSA_WITH_DH_RSA_AES128_SHA => DH-RSA-AES128-SHA
[DEBUG] [2022-07-15 18:50:26] CipherSuiteConverter.cacheFromOpenSsl(332) | Cipher suite mapping: TLS_RSA_WITH_DH_DSS_AES128_SHA => DH-DSS-AES128-SHA
[DEBUG] [2022-07-15 18:50:26] CipherSuiteConverter.cacheFromOpenSsl(333) | Cipher suite mapping: SSL_RSA_WITH_DH_DSS_AES128_SHA => DH-DSS-AES128-SHA
[DEBUG] [2022-07-15 18:50:26] CipherSuiteConverter.cacheFromOpenSsl(332) | Cipher suite mapping: TLS_RSA_WITH_ECC_SM4_SM3 => ECC-SM4-SM3
[DEBUG] [2022-07-15 18:50:26] CipherSuiteConverter.cacheFromOpenSsl(333) | Cipher suite mapping: SSL_RSA_WITH_ECC_SM4_SM3 => ECC-SM4-SM3
[DEBUG] [2022-07-15 18:50:26] CipherSuiteConverter.cacheFromOpenSsl(332) | Cipher suite mapping: TLS_RSA_WITH_ECDHE_SM4_SM3 => ECDHE-SM4-SM3
[DEBUG] [2022-07-15 18:50:26] CipherSuiteConverter.cacheFromOpenSsl(333) | Cipher suite mapping: SSL_RSA_WITH_ECDHE_SM4_SM3 => ECDHE-SM4-SM3
[DEBUG] [2022-07-15 18:50:26] CipherSuiteConverter.cacheFromOpenSsl(332) | Cipher suite mapping: TLS_DHE_RSA_WITH_SEED_SHA => DHE-RSA-SEED-SHA
[DEBUG] [2022-07-15 18:50:26] CipherSuiteConverter.cacheFromOpenSsl(333) | Cipher suite mapping: SSL_DHE_RSA_WITH_SEED_SHA => DHE-RSA-SEED-SHA
[DEBUG] [2022-07-15 18:50:26] CipherSuiteConverter.cacheFromOpenSsl(332) | Cipher suite mapping: TLS_DHE_DSS_WITH_SEED_SHA => DHE-DSS-SEED-SHA
[DEBUG] [2022-07-15 18:50:26] CipherSuiteConverter.cacheFromOpenSsl(333) | Cipher suite mapping: SSL_DHE_DSS_WITH_SEED_SHA => DHE-DSS-SEED-SHA
[DEBUG] [2022-07-15 18:50:26] CipherSuiteConverter.cacheFromOpenSsl(332) | Cipher suite mapping: TLS_RSA_WITH_DH_RSA_SEED_SHA => DH-RSA-SEED-SHA
[DEBUG] [2022-07-15 18:50:26] CipherSuiteConverter.cacheFromOpenSsl(333) | Cipher suite mapping: SSL_RSA_WITH_DH_RSA_SEED_SHA => DH-RSA-SEED-SHA
[DEBUG] [2022-07-15 18:50:26] CipherSuiteConverter.cacheFromOpenSsl(332) | Cipher suite mapping: TLS_RSA_WITH_DH_DSS_SEED_SHA => DH-DSS-SEED-SHA
[DEBUG] [2022-07-15 18:50:26] CipherSuiteConverter.cacheFromOpenSsl(333) | Cipher suite mapping: SSL_RSA_WITH_DH_DSS_SEED_SHA => DH-DSS-SEED-SHA
[DEBUG] [2022-07-15 18:50:26] CipherSuiteConverter.cacheFromOpenSsl(332) | Cipher suite mapping: TLS_DHE_RSA_WITH_CAMELLIA128_SHA => DHE-RSA-CAMELLIA128-SHA
[DEBUG] [2022-07-15 18:50:26] CipherSuiteConverter.cacheFromOpenSsl(333) | Cipher suite mapping: SSL_DHE_RSA_WITH_CAMELLIA128_SHA => DHE-RSA-CAMELLIA128-SHA
[DEBUG] [2022-07-15 18:50:26] CipherSuiteConverter.cacheFromOpenSsl(332) | Cipher suite mapping: TLS_DHE_DSS_WITH_CAMELLIA128_SHA => DHE-DSS-CAMELLIA128-SHA
[DEBUG] [2022-07-15 18:50:26] CipherSuiteConverter.cacheFromOpenSsl(333) | Cipher suite mapping: SSL_DHE_DSS_WITH_CAMELLIA128_SHA => DHE-DSS-CAMELLIA128-SHA
[DEBUG] [2022-07-15 18:50:26] CipherSuiteConverter.cacheFromOpenSsl(332) | Cipher suite mapping: TLS_RSA_WITH_DH_RSA_CAMELLIA128_SHA => DH-RSA-CAMELLIA128-SHA
[DEBUG] [2022-07-15 18:50:26] CipherSuiteConverter.cacheFromOpenSsl(333) | Cipher suite mapping: SSL_RSA_WITH_DH_RSA_CAMELLIA128_SHA => DH-RSA-CAMELLIA128-SHA
[DEBUG] [2022-07-15 18:50:26] CipherSuiteConverter.cacheFromOpenSsl(332) | Cipher suite mapping: TLS_RSA_WITH_DH_DSS_CAMELLIA128_SHA => DH-DSS-CAMELLIA128-SHA
[DEBUG] [2022-07-15 18:50:26] CipherSuiteConverter.cacheFromOpenSsl(333) | Cipher suite mapping: SSL_RSA_WITH_DH_DSS_CAMELLIA128_SHA => DH-DSS-CAMELLIA128-SHA
[DEBUG] [2022-07-15 18:50:26] CipherSuiteConverter.cacheFromOpenSsl(332) | Cipher suite mapping: TLS_ECDH_anon_WITH_AES_128_CBC_SHA => AECDH-AES128-SHA
[DEBUG] [2022-07-15 18:50:26] CipherSuiteConverter.cacheFromOpenSsl(333) | Cipher suite mapping: SSL_ECDH_anon_WITH_AES_128_CBC_SHA => AECDH-AES128-SHA
[DEBUG] [2022-07-15 18:50:26] CipherSuiteConverter.cacheFromOpenSsl(332) | Cipher suite mapping: TLS_DH_anon_WITH_AES_128_GCM_SHA256 => ADH-AES128-GCM-SHA256
[DEBUG] [2022-07-15 18:50:26] CipherSuiteConverter.cacheFromOpenSsl(333) | Cipher suite mapping: SSL_DH_anon_WITH_AES_128_GCM_SHA256 => ADH-AES128-GCM-SHA256
[DEBUG] [2022-07-15 18:50:26] CipherSuiteConverter.cacheFromOpenSsl(332) | Cipher suite mapping: TLS_DH_anon_WITH_AES_128_CBC_SHA256 => ADH-AES128-SHA256
[DEBUG] [2022-07-15 18:50:26] CipherSuiteConverter.cacheFromOpenSsl(333) | Cipher suite mapping: SSL_DH_anon_WITH_AES_128_CBC_SHA256 => ADH-AES128-SHA256
[DEBUG] [2022-07-15 18:50:26] CipherSuiteConverter.cacheFromOpenSsl(332) | Cipher suite mapping: TLS_DH_anon_WITH_AES_128_CBC_SHA => ADH-AES128-SHA
[DEBUG] [2022-07-15 18:50:26] CipherSuiteConverter.cacheFromOpenSsl(333) | Cipher suite mapping: SSL_DH_anon_WITH_AES_128_CBC_SHA => ADH-AES128-SHA
[DEBUG] [2022-07-15 18:50:26] CipherSuiteConverter.cacheFromOpenSsl(332) | Cipher suite mapping: TLS_DH_anon_WITH_SEED_SHA => ADH-SEED-SHA
[DEBUG] [2022-07-15 18:50:26] CipherSuiteConverter.cacheFromOpenSsl(333) | Cipher suite mapping: SSL_DH_anon_WITH_SEED_SHA => ADH-SEED-SHA
[DEBUG] [2022-07-15 18:50:26] CipherSuiteConverter.cacheFromOpenSsl(332) | Cipher suite mapping: TLS_DH_anon_WITH_CAMELLIA128_SHA => ADH-CAMELLIA128-SHA
[DEBUG] [2022-07-15 18:50:26] CipherSuiteConverter.cacheFromOpenSsl(333) | Cipher suite mapping: SSL_DH_anon_WITH_CAMELLIA128_SHA => ADH-CAMELLIA128-SHA
[DEBUG] [2022-07-15 18:50:26] CipherSuiteConverter.cacheFromOpenSsl(332) | Cipher suite mapping: TLS_ECDH_RSA_WITH_AES_128_GCM_SHA256 => ECDH-RSA-AES128-GCM-SHA256
[DEBUG] [2022-07-15 18:50:26] CipherSuiteConverter.cacheFromOpenSsl(333) | Cipher suite mapping: SSL_ECDH_RSA_WITH_AES_128_GCM_SHA256 => ECDH-RSA-AES128-GCM-SHA256
[DEBUG] [2022-07-15 18:50:26] CipherSuiteConverter.cacheFromOpenSsl(332) | Cipher suite mapping: TLS_ECDH_ECDSA_WITH_AES_128_GCM_SHA256 => ECDH-ECDSA-AES128-GCM-SHA256
[DEBUG] [2022-07-15 18:50:26] CipherSuiteConverter.cacheFromOpenSsl(333) | Cipher suite mapping: SSL_ECDH_ECDSA_WITH_AES_128_GCM_SHA256 => ECDH-ECDSA-AES128-GCM-SHA256
[DEBUG] [2022-07-15 18:50:26] CipherSuiteConverter.cacheFromOpenSsl(332) | Cipher suite mapping: TLS_ECDH_RSA_WITH_AES_128_CBC_SHA256 => ECDH-RSA-AES128-SHA256
[DEBUG] [2022-07-15 18:50:26] CipherSuiteConverter.cacheFromOpenSsl(333) | Cipher suite mapping: SSL_ECDH_RSA_WITH_AES_128_CBC_SHA256 => ECDH-RSA-AES128-SHA256
[DEBUG] [2022-07-15 18:50:26] CipherSuiteConverter.cacheFromOpenSsl(332) | Cipher suite mapping: TLS_ECDH_ECDSA_WITH_AES_128_CBC_SHA256 => ECDH-ECDSA-AES128-SHA256
[DEBUG] [2022-07-15 18:50:26] CipherSuiteConverter.cacheFromOpenSsl(333) | Cipher suite mapping: SSL_ECDH_ECDSA_WITH_AES_128_CBC_SHA256 => ECDH-ECDSA-AES128-SHA256
[DEBUG] [2022-07-15 18:50:26] CipherSuiteConverter.cacheFromOpenSsl(332) | Cipher suite mapping: TLS_ECDH_RSA_WITH_AES_128_CBC_SHA => ECDH-RSA-AES128-SHA
[DEBUG] [2022-07-15 18:50:26] CipherSuiteConverter.cacheFromOpenSsl(333) | Cipher suite mapping: SSL_ECDH_RSA_WITH_AES_128_CBC_SHA => ECDH-RSA-AES128-SHA
[DEBUG] [2022-07-15 18:50:26] CipherSuiteConverter.cacheFromOpenSsl(332) | Cipher suite mapping: TLS_ECDH_ECDSA_WITH_AES_128_CBC_SHA => ECDH-ECDSA-AES128-SHA
[DEBUG] [2022-07-15 18:50:26] CipherSuiteConverter.cacheFromOpenSsl(333) | Cipher suite mapping: SSL_ECDH_ECDSA_WITH_AES_128_CBC_SHA => ECDH-ECDSA-AES128-SHA
[DEBUG] [2022-07-15 18:50:26] CipherSuiteConverter.cacheFromOpenSsl(332) | Cipher suite mapping: TLS_RSA_WITH_AES_128_GCM_SHA256 => AES128-GCM-SHA256
[DEBUG] [2022-07-15 18:50:26] CipherSuiteConverter.cacheFromOpenSsl(333) | Cipher suite mapping: SSL_RSA_WITH_AES_128_GCM_SHA256 => AES128-GCM-SHA256
[DEBUG] [2022-07-15 18:50:26] CipherSuiteConverter.cacheFromOpenSsl(332) | Cipher suite mapping: TLS_RSA_WITH_AES_128_CBC_SHA256 => AES128-SHA256
[DEBUG] [2022-07-15 18:50:26] CipherSuiteConverter.cacheFromOpenSsl(333) | Cipher suite mapping: SSL_RSA_WITH_AES_128_CBC_SHA256 => AES128-SHA256
[DEBUG] [2022-07-15 18:50:26] CipherSuiteConverter.cacheFromOpenSsl(332) | Cipher suite mapping: TLS_RSA_WITH_AES_128_CBC_SHA => AES128-SHA
[DEBUG] [2022-07-15 18:50:26] CipherSuiteConverter.cacheFromOpenSsl(333) | Cipher suite mapping: SSL_RSA_WITH_AES_128_CBC_SHA => AES128-SHA
[DEBUG] [2022-07-15 18:50:26] CipherSuiteConverter.cacheFromOpenSsl(332) | Cipher suite mapping: TLS_RSA_WITH_SEED_SHA => SEED-SHA
[DEBUG] [2022-07-15 18:50:26] CipherSuiteConverter.cacheFromOpenSsl(333) | Cipher suite mapping: SSL_RSA_WITH_SEED_SHA => SEED-SHA
[DEBUG] [2022-07-15 18:50:26] CipherSuiteConverter.cacheFromOpenSsl(332) | Cipher suite mapping: TLS_RSA_WITH_CAMELLIA128_SHA => CAMELLIA128-SHA
[DEBUG] [2022-07-15 18:50:26] CipherSuiteConverter.cacheFromOpenSsl(333) | Cipher suite mapping: SSL_RSA_WITH_CAMELLIA128_SHA => CAMELLIA128-SHA
[DEBUG] [2022-07-15 18:50:26] CipherSuiteConverter.cacheFromOpenSsl(332) | Cipher suite mapping: TLS_RSA_WITH_IDEA_CBC_SHA => IDEA-CBC-SHA
[DEBUG] [2022-07-15 18:50:26] CipherSuiteConverter.cacheFromOpenSsl(333) | Cipher suite mapping: SSL_RSA_WITH_IDEA_CBC_SHA => IDEA-CBC-SHA
[DEBUG] [2022-07-15 18:50:26] CipherSuiteConverter.cacheFromOpenSsl(332) | Cipher suite mapping: TLS_PSK_WITH_AES_128_CBC_SHA => PSK-AES128-CBC-SHA
[DEBUG] [2022-07-15 18:50:26] CipherSuiteConverter.cacheFromOpenSsl(333) | Cipher suite mapping: SSL_PSK_WITH_AES_128_CBC_SHA => PSK-AES128-CBC-SHA
[DEBUG] [2022-07-15 18:50:26] CipherSuiteConverter.cacheFromOpenSsl(332) | Cipher suite mapping: TLS_ECDHE_RSA_WITH_RC4_128_SHA => ECDHE-RSA-RC4-SHA
[DEBUG] [2022-07-15 18:50:26] CipherSuiteConverter.cacheFromOpenSsl(333) | Cipher suite mapping: SSL_ECDHE_RSA_WITH_RC4_128_SHA => ECDHE-RSA-RC4-SHA
[DEBUG] [2022-07-15 18:50:26] CipherSuiteConverter.cacheFromOpenSsl(332) | Cipher suite mapping: TLS_ECDHE_ECDSA_WITH_RC4_128_SHA => ECDHE-ECDSA-RC4-SHA
[DEBUG] [2022-07-15 18:50:26] CipherSuiteConverter.cacheFromOpenSsl(333) | Cipher suite mapping: SSL_ECDHE_ECDSA_WITH_RC4_128_SHA => ECDHE-ECDSA-RC4-SHA
[DEBUG] [2022-07-15 18:50:26] CipherSuiteConverter.cacheFromOpenSsl(332) | Cipher suite mapping: TLS_ECDH_anon_WITH_RC4_128_SHA => AECDH-RC4-SHA
[DEBUG] [2022-07-15 18:50:26] CipherSuiteConverter.cacheFromOpenSsl(333) | Cipher suite mapping: SSL_ECDH_anon_WITH_RC4_128_SHA => AECDH-RC4-SHA
[DEBUG] [2022-07-15 18:50:26] CipherSuiteConverter.cacheFromOpenSsl(332) | Cipher suite mapping: TLS_DH_anon_WITH_RC4_128_MD5 => ADH-RC4-MD5
[DEBUG] [2022-07-15 18:50:26] CipherSuiteConverter.cacheFromOpenSsl(333) | Cipher suite mapping: SSL_DH_anon_WITH_RC4_128_MD5 => ADH-RC4-MD5
[DEBUG] [2022-07-15 18:50:26] CipherSuiteConverter.cacheFromOpenSsl(332) | Cipher suite mapping: TLS_ECDH_RSA_WITH_RC4_128_SHA => ECDH-RSA-RC4-SHA
[DEBUG] [2022-07-15 18:50:26] CipherSuiteConverter.cacheFromOpenSsl(333) | Cipher suite mapping: SSL_ECDH_RSA_WITH_RC4_128_SHA => ECDH-RSA-RC4-SHA
[DEBUG] [2022-07-15 18:50:26] CipherSuiteConverter.cacheFromOpenSsl(332) | Cipher suite mapping: TLS_ECDH_ECDSA_WITH_RC4_128_SHA => ECDH-ECDSA-RC4-SHA
[DEBUG] [2022-07-15 18:50:26] CipherSuiteConverter.cacheFromOpenSsl(333) | Cipher suite mapping: SSL_ECDH_ECDSA_WITH_RC4_128_SHA => ECDH-ECDSA-RC4-SHA
[DEBUG] [2022-07-15 18:50:26] CipherSuiteConverter.cacheFromOpenSsl(332) | Cipher suite mapping: TLS_RSA_WITH_RC4_128_SHA => RC4-SHA
[DEBUG] [2022-07-15 18:50:26] CipherSuiteConverter.cacheFromOpenSsl(333) | Cipher suite mapping: SSL_RSA_WITH_RC4_128_SHA => RC4-SHA
[DEBUG] [2022-07-15 18:50:26] CipherSuiteConverter.cacheFromOpenSsl(332) | Cipher suite mapping: TLS_RSA_WITH_RC4_128_MD5 => RC4-MD5
[DEBUG] [2022-07-15 18:50:26] CipherSuiteConverter.cacheFromOpenSsl(333) | Cipher suite mapping: SSL_RSA_WITH_RC4_128_MD5 => RC4-MD5
[DEBUG] [2022-07-15 18:50:26] CipherSuiteConverter.cacheFromOpenSsl(332) | Cipher suite mapping: TLS_PSK_WITH_RC4_128_SHA => PSK-RC4-SHA
[DEBUG] [2022-07-15 18:50:26] CipherSuiteConverter.cacheFromOpenSsl(333) | Cipher suite mapping: SSL_PSK_WITH_RC4_128_SHA => PSK-RC4-SHA
[DEBUG] [2022-07-15 18:50:26] CipherSuiteConverter.cacheFromOpenSsl(332) | Cipher suite mapping: TLS_ECDHE_RSA_WITH_3DES_EDE_CBC_SHA => ECDHE-RSA-DES-CBC3-SHA
[DEBUG] [2022-07-15 18:50:26] CipherSuiteConverter.cacheFromOpenSsl(333) | Cipher suite mapping: SSL_ECDHE_RSA_WITH_3DES_EDE_CBC_SHA => ECDHE-RSA-DES-CBC3-SHA
[DEBUG] [2022-07-15 18:50:26] CipherSuiteConverter.cacheFromOpenSsl(332) | Cipher suite mapping: TLS_ECDHE_ECDSA_WITH_3DES_EDE_CBC_SHA => ECDHE-ECDSA-DES-CBC3-SHA
[DEBUG] [2022-07-15 18:50:26] CipherSuiteConverter.cacheFromOpenSsl(333) | Cipher suite mapping: SSL_ECDHE_ECDSA_WITH_3DES_EDE_CBC_SHA => ECDHE-ECDSA-DES-CBC3-SHA
[DEBUG] [2022-07-15 18:50:26] CipherSuiteConverter.cacheFromOpenSsl(332) | Cipher suite mapping: TLS_SRP_DSS_WITH_3DES_EDE_CBC_SHA => SRP-DSS-3DES-EDE-CBC-SHA
[DEBUG] [2022-07-15 18:50:26] CipherSuiteConverter.cacheFromOpenSsl(333) | Cipher suite mapping: SSL_SRP_DSS_WITH_3DES_EDE_CBC_SHA => SRP-DSS-3DES-EDE-CBC-SHA
[DEBUG] [2022-07-15 18:50:26] CipherSuiteConverter.cacheFromOpenSsl(332) | Cipher suite mapping: TLS_SRP_RSA_WITH_3DES_EDE_CBC_SHA => SRP-RSA-3DES-EDE-CBC-SHA
[DEBUG] [2022-07-15 18:50:26] CipherSuiteConverter.cacheFromOpenSsl(333) | Cipher suite mapping: SSL_SRP_RSA_WITH_3DES_EDE_CBC_SHA => SRP-RSA-3DES-EDE-CBC-SHA
[DEBUG] [2022-07-15 18:50:26] CipherSuiteConverter.cacheFromOpenSsl(332) | Cipher suite mapping: TLS_SRP_WITH_3DES_EDE_CBC_SHA => SRP-3DES-EDE-CBC-SHA
[DEBUG] [2022-07-15 18:50:26] CipherSuiteConverter.cacheFromOpenSsl(333) | Cipher suite mapping: SSL_SRP_WITH_3DES_EDE_CBC_SHA => SRP-3DES-EDE-CBC-SHA
[DEBUG] [2022-07-15 18:50:26] CipherSuiteConverter.cacheFromOpenSsl(332) | Cipher suite mapping: TLS_EDH_RSA_WITH_3DES_EDE_CBC_SHA => EDH-RSA-DES-CBC3-SHA
[DEBUG] [2022-07-15 18:50:26] CipherSuiteConverter.cacheFromOpenSsl(333) | Cipher suite mapping: SSL_EDH_RSA_WITH_3DES_EDE_CBC_SHA => EDH-RSA-DES-CBC3-SHA
[DEBUG] [2022-07-15 18:50:26] CipherSuiteConverter.cacheFromOpenSsl(332) | Cipher suite mapping: TLS_EDH_DSS_WITH_3DES_EDE_CBC_SHA => EDH-DSS-DES-CBC3-SHA
[DEBUG] [2022-07-15 18:50:26] CipherSuiteConverter.cacheFromOpenSsl(333) | Cipher suite mapping: SSL_EDH_DSS_WITH_3DES_EDE_CBC_SHA => EDH-DSS-DES-CBC3-SHA
[DEBUG] [2022-07-15 18:50:26] CipherSuiteConverter.cacheFromOpenSsl(332) | Cipher suite mapping: TLS_RSA_WITH_DH_RSA_DES_CBC3_SHA => DH-RSA-DES-CBC3-SHA
[DEBUG] [2022-07-15 18:50:26] CipherSuiteConverter.cacheFromOpenSsl(333) | Cipher suite mapping: SSL_RSA_WITH_DH_RSA_DES_CBC3_SHA => DH-RSA-DES-CBC3-SHA
[DEBUG] [2022-07-15 18:50:26] CipherSuiteConverter.cacheFromOpenSsl(332) | Cipher suite mapping: TLS_RSA_WITH_DH_DSS_DES_CBC3_SHA => DH-DSS-DES-CBC3-SHA
[DEBUG] [2022-07-15 18:50:26] CipherSuiteConverter.cacheFromOpenSsl(333) | Cipher suite mapping: SSL_RSA_WITH_DH_DSS_DES_CBC3_SHA => DH-DSS-DES-CBC3-SHA
[DEBUG] [2022-07-15 18:50:26] CipherSuiteConverter.cacheFromOpenSsl(332) | Cipher suite mapping: TLS_ECDH_anon_WITH_3DES_EDE_CBC_SHA => AECDH-DES-CBC3-SHA
[DEBUG] [2022-07-15 18:50:26] CipherSuiteConverter.cacheFromOpenSsl(333) | Cipher suite mapping: SSL_ECDH_anon_WITH_3DES_EDE_CBC_SHA => AECDH-DES-CBC3-SHA
[DEBUG] [2022-07-15 18:50:26] CipherSuiteConverter.cacheFromOpenSsl(332) | Cipher suite mapping: TLS_DH_anon_WITH_3DES_EDE_CBC_SHA => ADH-DES-CBC3-SHA
[DEBUG] [2022-07-15 18:50:26] CipherSuiteConverter.cacheFromOpenSsl(333) | Cipher suite mapping: SSL_DH_anon_WITH_3DES_EDE_CBC_SHA => ADH-DES-CBC3-SHA
[DEBUG] [2022-07-15 18:50:26] CipherSuiteConverter.cacheFromOpenSsl(332) | Cipher suite mapping: TLS_ECDH_RSA_WITH_3DES_EDE_CBC_SHA => ECDH-RSA-DES-CBC3-SHA
[DEBUG] [2022-07-15 18:50:26] CipherSuiteConverter.cacheFromOpenSsl(333) | Cipher suite mapping: SSL_ECDH_RSA_WITH_3DES_EDE_CBC_SHA => ECDH-RSA-DES-CBC3-SHA
[DEBUG] [2022-07-15 18:50:26] CipherSuiteConverter.cacheFromOpenSsl(332) | Cipher suite mapping: TLS_ECDH_ECDSA_WITH_3DES_EDE_CBC_SHA => ECDH-ECDSA-DES-CBC3-SHA
[DEBUG] [2022-07-15 18:50:26] CipherSuiteConverter.cacheFromOpenSsl(333) | Cipher suite mapping: SSL_ECDH_ECDSA_WITH_3DES_EDE_CBC_SHA => ECDH-ECDSA-DES-CBC3-SHA
[DEBUG] [2022-07-15 18:50:26] CipherSuiteConverter.cacheFromOpenSsl(332) | Cipher suite mapping: TLS_RSA_WITH_3DES_EDE_CBC_SHA => DES-CBC3-SHA
[DEBUG] [2022-07-15 18:50:26] CipherSuiteConverter.cacheFromOpenSsl(333) | Cipher suite mapping: SSL_RSA_WITH_3DES_EDE_CBC_SHA => DES-CBC3-SHA
[DEBUG] [2022-07-15 18:50:26] CipherSuiteConverter.cacheFromOpenSsl(332) | Cipher suite mapping: TLS_PSK_WITH_3DES_EDE_CBC_SHA => PSK-3DES-EDE-CBC-SHA
[DEBUG] [2022-07-15 18:50:26] CipherSuiteConverter.cacheFromOpenSsl(333) | Cipher suite mapping: SSL_PSK_WITH_3DES_EDE_CBC_SHA => PSK-3DES-EDE-CBC-SHA
[DEBUG] [2022-07-15 18:50:26] OpenSsl.<clinit>(437) | Supported protocols (OpenSSL): [SSLv2Hello, TLSv1, TLSv1.1, TLSv1.2] 
[DEBUG] [2022-07-15 18:50:26] OpenSsl.<clinit>(438) | Default cipher suites (OpenSSL): [TLS_ECDHE_ECDSA_WITH_AES_256_GCM_SHA384, TLS_ECDHE_ECDSA_WITH_AES_128_GCM_SHA256, TLS_ECDHE_RSA_WITH_AES_128_GCM_SHA256, TLS_ECDHE_RSA_WITH_AES_256_GCM_SHA384, TLS_ECDHE_RSA_WITH_AES_128_CBC_SHA, TLS_ECDHE_RSA_WITH_AES_256_CBC_SHA, TLS_RSA_WITH_AES_128_GCM_SHA256, TLS_RSA_WITH_AES_128_CBC_SHA, TLS_RSA_WITH_AES_256_CBC_SHA]
[DEBUG] [2022-07-15 18:50:26] ResourceLeakDetectorFactory$DefaultResourceLeakDetectorFactory.newResourceLeakDetector(196) | Loaded default ResourceLeakDetector: io.netty.util.ResourceLeakDetector@5b04476e
[DEBUG] [2022-07-15 18:50:26] ConnectionManager.startConnect(111) | startConnect to 127.0.0.1:20200
[DEBUG] [2022-07-15 18:50:26] DefaultChannelId.<clinit>(79) | -Dio.netty.processId: 46325 (auto-detected)
[DEBUG] [2022-07-15 18:50:26] DefaultChannelId.<clinit>(101) | -Dio.netty.machineId: 08:00:27:ff:fe:3e:79:9c (auto-detected)
[DEBUG] [2022-07-15 18:50:26] ConnectionManager.startConnect(111) | startConnect to 127.0.0.1:20201
[DEBUG] [2022-07-15 18:50:26] ResourceLeakDetectorFactory$DefaultResourceLeakDetectorFactory.newResourceLeakDetector(196) | Loaded default ResourceLeakDetector: io.netty.util.ResourceLeakDetector@449e840a
[INFO] [2022-07-15 18:50:26] ConnectionManager.checkConnectionResult(402) |  ssl handshake success 127.0.0.1:20200
[INFO] [2022-07-15 18:50:26] ConnectionManager.checkConnectionResult(402) |  ssl handshake success 127.0.0.1:20201
[DEBUG] [2022-07-15 18:50:26] ConnectionManager.startConnect(146) |  start connect end. 
[DEBUG] [2022-07-15 18:50:26] ConnectionManager.startReconnectSchedule(150) |  start reconnect schedule
[DEBUG] [2022-07-15 18:50:26] SslHandler.setHandshakeSuccess(1831) | [id: 0x7eca2717, L:/127.0.0.1:42756 - R:/127.0.0.1:20200] HANDSHAKEN: protocol:TLSv1.2 cipher suite:TLS_RSA_WITH_AES_128_GCM_SHA256
[INFO] [2022-07-15 18:50:26] ChannelHandler.userEventTriggered(73) |  handshake success, host: 127.0.0.1, port: 20200, ctx: 1122026550
[DEBUG] [2022-07-15 18:50:26] ConnectionManager.addConnectionContext(453) | addConnectionContext, endpoint: 127.0.0.1:20200, ctx:ChannelHandlerContext(ChannelHandler#0, [id: 0x7eca2717, L:/127.0.0.1:42756 - R:/127.0.0.1:20200])
[DEBUG] [2022-07-15 18:50:26] ChannelMsgHandler.onConnect(112) | onConnect in ChannelMsgHandler called, host : 127.0.0.1:20200
[DEBUG] [2022-07-15 18:50:26] SslHandler.setHandshakeSuccess(1831) | [id: 0x6666319a, L:/127.0.0.1:51706 - R:/127.0.0.1:20201] HANDSHAKEN: protocol:TLSv1.2 cipher suite:TLS_RSA_WITH_AES_128_GCM_SHA256
[INFO] [2022-07-15 18:50:26] ChannelHandler.userEventTriggered(73) |  handshake success, host: 127.0.0.1, port: 20201, ctx: 1046515235
[DEBUG] [2022-07-15 18:50:26] ConnectionManager.addConnectionContext(453) | addConnectionContext, endpoint: 127.0.0.1:20201, ctx:ChannelHandlerContext(ChannelHandler#0, [id: 0x6666319a, L:/127.0.0.1:51706 - R:/127.0.0.1:20201])
[DEBUG] [2022-07-15 18:50:26] ChannelMsgHandler.onConnect(112) | onConnect in ChannelMsgHandler called, host : 127.0.0.1:20201
[DEBUG] [2022-07-15 18:50:27] ChannelMsgHandler.onMessage(123) | onMessage in ChannelMsgHandler called, host : 127.0.0.1:20200, seq : af1b85696d7b4fd9a1074b33709d5cd3, msgType : 18
[DEBUG] [2022-07-15 18:50:27] ChannelMsgHandler.onMessage(123) | onMessage in ChannelMsgHandler called, host : 127.0.0.1:20201, seq : efe336f2b7ae416e8b9319b382c17b63, msgType : 18
[INFO] [2022-07-15 18:50:27] ChannelMsgHandler$1.onResponse(225) |  node: ClientVersion{version='2.9.0', supportedVersion='2.9.0', chainId='1', buildTime='20220516 06:12:02', buildType='Linux/clang/Release', gitBranch='HEAD', gitCommitHash='b8a2362911462ccc3a19862bdd418b4f486f5601'}, content: {"id":1,"jsonrpc":"2.0","result":{"Build Time":"20220516 06:12:02","Build Type":"Linux/clang/Release","Chain Id":"1","FISCO-BCOS Version":"2.9.0","Git Branch":"HEAD","Git Commit Hash":"b8a2362911462ccc3a19862bdd418b4f486f5601","Supported Version":"2.9.0"}}

[INFO] [2022-07-15 18:50:27] ChannelMsgHandler$1.onResponse(233) |  support channel handshake node
[DEBUG] [2022-07-15 18:50:27] ChannelMsgHandler.onMessage(123) | onMessage in ChannelMsgHandler called, host : 127.0.0.1:20201, seq : d67a0000b7c043f6b0a428bd31f9c66b, msgType : 20
[INFO] [2022-07-15 18:50:27] ChannelMsgHandler$1.onResponse(225) |  node: ClientVersion{version='2.9.0', supportedVersion='2.9.0', chainId='1', buildTime='20220516 06:12:02', buildType='Linux/clang/Release', gitBranch='HEAD', gitCommitHash='b8a2362911462ccc3a19862bdd418b4f486f5601'}, content: {"id":0,"jsonrpc":"2.0","result":{"Build Time":"20220516 06:12:02","Build Type":"Linux/clang/Release","Chain Id":"1","FISCO-BCOS Version":"2.9.0","Git Branch":"HEAD","Git Commit Hash":"b8a2362911462ccc3a19862bdd418b4f486f5601","Supported Version":"2.9.0"}}

[INFO] [2022-07-15 18:50:27] ChannelMsgHandler$1.onResponse(233) |  support channel handshake node
[DEBUG] [2022-07-15 18:50:27] ChannelMsgHandler.onMessage(123) | onMessage in ChannelMsgHandler called, host : 127.0.0.1:20200, seq : 8999d3f9cf6a421db495523aab4194de, msgType : 20
[INFO] [2022-07-15 18:50:27] ChannelMsgHandler$2.onResponse(309) |  channel protocol handshake success, set socket channel protocol, host: 127.0.0.1:20200, channel protocol: ChannelProtocol [protocol=3, nodeVersion=2.9.0, EnumProtocol=VERSION_3]
[INFO] [2022-07-15 18:50:27] ChannelMsgHandler$2.onResponse(309) |  channel protocol handshake success, set socket channel protocol, host: 127.0.0.1:20201, channel protocol: ChannelProtocol [protocol=3, nodeVersion=2.9.0, EnumProtocol=VERSION_3]
[INFO] [2022-07-15 18:50:27] ChannelImp.checkConnectionsToStartPeriodTask(126) |  Connect to  nodes: 127.0.0.1:20200, 127.0.0.1:20201, 
[DEBUG] [2022-07-15 18:50:27] ChannelImp.start(92) | ====> Start the channel success
[INFO] [2022-07-15 18:50:27] BcosSDK.<init>(77) | create BcosSDK, start channel success, cryptoType: 0
[DEBUG] [2022-07-15 18:50:27] ThreadPoolService.<init>(37) | Create ThreadPoolService, threadName: channelProcessor, corePoolSize: 16, maxBlockingQueueSize: 102400
[INFO] [2022-07-15 18:50:27] BcosSDK.<init>(87) | create BcosSDK, start channel succ, channelProcessorThreadSize: 16, receiptProcessorThreadSize: 16
[DEBUG] [2022-07-15 18:50:27] ThreadPoolService.<init>(37) | Create ThreadPoolService, threadName: GroupManagerServiceImpl, corePoolSize: 16, maxBlockingQueueSize: 102400
[DEBUG] [2022-07-15 18:50:27] ChannelMsgHandler.onMessage(123) | onMessage in ChannelMsgHandler called, host : 127.0.0.1:20200, seq : f4a020460f2347aa99812eceaf862fdd, msgType : 19
[INFO] [2022-07-15 18:50:27] GroupManagerServiceImpl.registerBlockNumberNotifyHandler(259) | registerBlockNumberNotifyHandler
[INFO] [2022-07-15 18:50:27] GroupManagerServiceImpl.registerTransactionNotifyHandler(281) | registerTransactionNotifyHandler
[DEBUG] [2022-07-15 18:50:27] ChannelMsgHandler.onMessage(123) | onMessage in ChannelMsgHandler called, host : 127.0.0.1:20201, seq : a921ecd12c344de08cc08851b619f4c1, msgType : 19
[DEBUG] [2022-07-15 18:50:27] ChannelMsgHandler.onMessage(123) | onMessage in ChannelMsgHandler called, host : 127.0.0.1:20200, seq : 90f094b36391455bba9ad479b886feb2, msgType : 18
[DEBUG] [2022-07-15 18:50:27] GroupServiceImpl.<init>(45) | insert group: 1 for peer 127.0.0.1:20200
[DEBUG] [2022-07-15 18:50:27] GroupManagerServiceImpl.getAndUpdateBlockNumberForAllPeers(528) | g: 1, getAndUpdateBlockNumberForAllPeers, group availablePeers:[127.0.0.1:20200]
[DEBUG] [2022-07-15 18:50:27] ChannelMsgHandler.onMessage(123) | onMessage in ChannelMsgHandler called, host : 127.0.0.1:20200, seq : 45ef0e1939844748bfbea3f80a670eae, msgType : 18
[DEBUG] [2022-07-15 18:50:27] GroupServiceImpl.updatePeersBlockNumberInfo(104) | updatePeersBlockNumberInfo for 127.0.0.1:20200, updated blockNumber: 19, groupId: 1
[DEBUG] [2022-07-15 18:50:27] GroupServiceImpl.updateLatestBlockNumber(127) | g:1, updateLatestBlockNumber, latestBlockNumber: 19, nodeWithLatestBlockNumber:[127.0.0.1:20200]
[DEBUG] [2022-07-15 18:50:27] GroupManagerServiceImpl.fetchAndUpdateBlockNumberInfo(542) | fetch and update the blockNumber information, groupId: 1, peer:127.0.0.1:20200, blockNumber: 19
[DEBUG] [2022-07-15 18:50:27] ChannelMsgHandler.onMessage(123) | onMessage in ChannelMsgHandler called, host : 127.0.0.1:20201, seq : e8e8874a21df4327996de19c5e853df2, msgType : 18
[DEBUG] [2022-07-15 18:50:27] GroupServiceImpl.insertNode(84) | g:1, insertNode=127.0.0.1:20201, nodeSize=2, blockNumberInfoSize=1
[DEBUG] [2022-07-15 18:50:27] ChannelMsgHandler.onMessage(123) | onMessage in ChannelMsgHandler called, host : 127.0.0.1:20201, seq : 37570b388db24f0a9c78d7d31aa3a9db, msgType : 18
[DEBUG] [2022-07-15 18:50:27] GroupServiceImpl.updatePeersBlockNumberInfo(104) | updatePeersBlockNumberInfo for 127.0.0.1:20201, updated blockNumber: 19, groupId: 1
[DEBUG] [2022-07-15 18:50:27] GroupServiceImpl.updateLatestBlockNumber(127) | g:1, updateLatestBlockNumber, latestBlockNumber: 19, nodeWithLatestBlockNumber:[127.0.0.1:20200, 127.0.0.1:20201]
[DEBUG] [2022-07-15 18:50:27] GroupManagerServiceImpl.fetchAndUpdateBlockNumberInfo(542) | fetch and update the blockNumber information, groupId: 1, peer:127.0.0.1:20201, blockNumber: 19
[DEBUG] [2022-07-15 18:50:27] ChannelMsgHandler.onMessage(123) | onMessage in ChannelMsgHandler called, host : 127.0.0.1:20200, seq : 92aaf0fb142c4e4e9eecfc63bbd7d9d5, msgType : 18
[DEBUG] [2022-07-15 18:50:27] ChannelMsgHandler.onMessage(123) | onMessage in ChannelMsgHandler called, host : 127.0.0.1:20201, seq : 1be140fb04db4d6ca432833df6d5fe91, msgType : 18
[DEBUG] [2022-07-15 18:50:27] GroupManagerServiceImpl.start(445) | start GroupManagerService...
[INFO] [2022-07-15 18:50:27] BcosSDK.<init>(98) | create BcosSDK, create groupManagerService success
[DEBUG] [2022-07-15 18:50:27] ChannelMsgHandler.onMessage(123) | onMessage in ChannelMsgHandler called, host : 127.0.0.1:20200, seq : 5254bf92a2f4431baaafdff042e452c5, msgType : 18
[DEBUG] [2022-07-15 18:50:27] ChannelMsgHandler.onMessage(123) | onMessage in ChannelMsgHandler called, host : 127.0.0.1:20201, seq : 4391d27cd0b64c18a85a66428d84f49d, msgType : 18
[DEBUG] [2022-07-15 18:50:28] KeyTool.getMethod(309) | try to get method for EC5Util failed, method name: convertSpec
[DEBUG] [2022-07-15 18:50:28] KeyTool.getMethod(309) | try to get method for EC5Util failed, method name: convertSpec
[DEBUG] [2022-07-15 18:50:28] KeyTool.getMethod(309) | try to get method for EC5Util failed, method name: convertSpec
[DEBUG] [2022-07-15 18:50:28] KeyTool.getMethod(309) | try to get method for EC5Util failed, method name: convertSpec
[DEBUG] [2022-07-15 18:50:28] KeyTool.getMethod(309) | try to get method for EC5Util failed, method name: convertSpec
[DEBUG] [2022-07-15 18:50:28] KeyTool.getMethod(309) | try to get method for EC5Util failed, method name: convertSpec
[DEBUG] [2022-07-15 18:50:28] KeyTool.getMethod(309) | try to get method for EC5Util failed, method name: convertSpec
[DEBUG] [2022-07-15 18:50:28] KeyTool.getMethod(309) | try to get method for EC5Util failed, method name: convertSpec
[DEBUG] [2022-07-15 18:50:28] KeyTool.getMethod(309) | try to get method for EC5Util failed, method name: convertSpec
[DEBUG] [2022-07-15 18:50:28] KeyTool.getMethod(309) | try to get method for EC5Util failed, method name: convertSpec
[DEBUG] [2022-07-15 18:50:28] KeyTool.getMethod(309) | try to get method for EC5Util failed, method name: convertSpec
[DEBUG] [2022-07-15 18:50:28] KeyTool.getMethod(309) | try to get method for EC5Util failed, method name: convertSpec
[DEBUG] [2022-07-15 18:50:28] KeyTool.getMethod(309) | try to get method for EC5Util failed, method name: convertSpec
[DEBUG] [2022-07-15 18:50:28] KeyTool.getMethod(309) | try to get method for EC5Util failed, method name: convertSpec
[DEBUG] [2022-07-15 18:50:28] KeyTool.getMethod(309) | try to get method for EC5Util failed, method name: convertSpec
[DEBUG] [2022-07-15 18:50:28] KeyTool.getMethod(309) | try to get method for EC5Util failed, method name: convertSpec
[DEBUG] [2022-07-15 18:50:28] KeyTool.getMethod(309) | try to get method for EC5Util failed, method name: convertSpec
[DEBUG] [2022-07-15 18:50:28] KeyTool.getMethod(309) | try to get method for EC5Util failed, method name: convertSpec
[DEBUG] [2022-07-15 18:50:28] GroupManagerServiceImpl.setAmop(806) | register blockNotify for 127.0.0.1:20200, groupList: [1]
[DEBUG] [2022-07-15 18:50:28] TopicManager.updateBlockNotify(158) | update block notify, peer: 127.0.0.1:20200, groupInfo: [1]
[DEBUG] [2022-07-15 18:50:28] TopicManager.updateBlockNotify(163) | add block notify, peer: 127.0.0.1:20200, topic: _block_notify_1
[INFO] [2022-07-15 18:50:28] AmopImp.sendSubscribe(216) | update subscribe inform 2 peers
[DEBUG] [2022-07-15 18:50:28] AmopImp.updateSubscribeToPeer(238) | update topics to node, node:127.0.0.1:20200, topics:["_block_notify_1"]
[DEBUG] [2022-07-15 18:50:28] AmopImp.updateSubscribeToPeer(238) | update topics to node, node:127.0.0.1:20201, topics:[]
[DEBUG] [2022-07-15 18:50:28] GroupManagerServiceImpl.setAmop(806) | register blockNotify for 127.0.0.1:20201, groupList: [1]
[DEBUG] [2022-07-15 18:50:28] TopicManager.updateBlockNotify(158) | update block notify, peer: 127.0.0.1:20201, groupInfo: [1]
[DEBUG] [2022-07-15 18:50:28] TopicManager.updateBlockNotify(163) | add block notify, peer: 127.0.0.1:20201, topic: _block_notify_1
[INFO] [2022-07-15 18:50:28] AmopImp.sendSubscribe(216) | update subscribe inform 2 peers
[DEBUG] [2022-07-15 18:50:28] AmopImp.updateSubscribeToPeer(238) | update topics to node, node:127.0.0.1:20200, topics:["_block_notify_1"]
[DEBUG] [2022-07-15 18:50:28] AmopImp.updateSubscribeToPeer(238) | update topics to node, node:127.0.0.1:20201, topics:["_block_notify_1"]
[INFO] [2022-07-15 18:50:28] AmopImp.start(188) | amop module started
[INFO] [2022-07-15 18:50:28] AmopImp.sendSubscribe(216) | update subscribe inform 2 peers
[DEBUG] [2022-07-15 18:50:28] AmopImp.updateSubscribeToPeer(238) | update topics to node, node:127.0.0.1:20200, topics:["_block_notify_1"]
[DEBUG] [2022-07-15 18:50:28] AmopImp.updateSubscribeToPeer(238) | update topics to node, node:127.0.0.1:20201, topics:["_block_notify_1"]
[INFO] [2022-07-15 18:50:28] BcosSDK.<init>(103) | create BcosSDK, create Amop success
[DEBUG] [2022-07-15 18:50:28] ChannelMsgHandler.onMessage(123) | onMessage in ChannelMsgHandler called, host : 127.0.0.1:20200, seq : a8c69299b8324de7940bad2a31be6c07, msgType : 18
[DEBUG] [2022-07-15 18:50:28] ChannelMsgHandler.onMessage(123) | onMessage in ChannelMsgHandler called, host : 127.0.0.1:20201, seq : 5ded94206e8646f69bb6feca1579d8e0, msgType : 18
[DEBUG] [2022-07-15 18:50:28] ChannelMsgHandler.onMessage(123) | onMessage in ChannelMsgHandler called, host : 127.0.0.1:20200, seq : b451f131c98849f191132b8e78d851b0, msgType : 18
[DEBUG] [2022-07-15 18:50:28] ChannelMsgHandler.onMessage(123) | onMessage in ChannelMsgHandler called, host : 127.0.0.1:20201, seq : 576ac0523e354295beacb91581eccc6e, msgType : 18
[DEBUG] [2022-07-15 18:50:28] KeyTool.getMethod(309) | try to get method for EC5Util failed, method name: convertSpec
[DEBUG] [2022-07-15 18:50:28] KeyTool.getMethod(309) | try to get method for EC5Util failed, method name: convertSpec
[DEBUG] [2022-07-15 18:50:28] KeyTool.getMethod(309) | try to get method for EC5Util failed, method name: convertSpec
[DEBUG] [2022-07-15 18:50:28] KeyTool.getMethod(309) | try to get method for EC5Util failed, method name: convertSpec
[DEBUG] [2022-07-15 18:50:28] KeyTool.getMethod(309) | try to get method for EC5Util failed, method name: convertSpec
[DEBUG] [2022-07-15 18:50:28] KeyTool.getMethod(309) | try to get method for EC5Util failed, method name: convertSpec
[DEBUG] [2022-07-15 18:50:28] KeyTool.getMethod(309) | try to get method for EC5Util failed, method name: convertSpec
[DEBUG] [2022-07-15 18:50:28] KeyTool.getMethod(309) | try to get method for EC5Util failed, method name: convertSpec
[INFO] [2022-07-15 18:50:28] Client.build(114) | build client success for group 1, crypto type 0
[INFO] [2022-07-15 18:50:28] BcosSDK.getClient(178) | create client for group 1 success
[DEBUG] [2022-07-15 18:50:28] ChannelMsgHandler.onMessage(123) | onMessage in ChannelMsgHandler called, host : 127.0.0.1:20200, seq : 2e256e36c3ce4b6f95b1e67716fbccba, msgType : 18
[DEBUG] [2022-07-15 18:50:28] ChannelMsgHandler.onMessage(123) | onMessage in ChannelMsgHandler called, host : 127.0.0.1:20201, seq : ac512e04ad2543058cbe5aba4752c65e, msgType : 18
[DEBUG] [2022-07-15 18:50:28] KeyTool.getMethod(309) | try to get method for EC5Util failed, method name: convertSpec
[DEBUG] [2022-07-15 18:50:28] KeyTool.getMethod(309) | try to get method for EC5Util failed, method name: convertSpec
[DEBUG] [2022-07-15 18:50:28] VoteClient.initialize(38) | create a client successfully, whose address is: 0x26f8871391b7c6ee9badead76130e1c80c3c65c6
[DEBUG] [2022-07-15 18:50:28] TransactionProcessorFactory.getChainIdAndGroupId(35) | getNodeVersion before createTransactionManager, binaryVerison: 2.9.0, supportedVersion:2.9.0
[DEBUG] [2022-07-15 18:50:28] TransactionProcessorFactory.getChainIdAndGroupId(49) | createTransactionManager for >=rc2 node, chainId: 1, groupId: 1
[DEBUG] [2022-07-15 18:50:28] TransactionProcessorFactory.getChainIdAndGroupId(35) | getNodeVersion before createTransactionManager, binaryVerison: 2.9.0, supportedVersion:2.9.0
[DEBUG] [2022-07-15 18:50:28] TransactionProcessorFactory.getChainIdAndGroupId(49) | createTransactionManager for >=rc2 node, chainId: 1, groupId: 1
[INFO] [2022-07-15 18:50:28] EventSubscribeImp.resendWaitingFilters(173) | Resend waiting filters, size: 0
[DEBUG] [2022-07-15 18:50:28] ChannelMsgHandler.onMessage(123) | onMessage in ChannelMsgHandler called, host : 127.0.0.1:20201, seq : 107c040e9c594e7b9e2c14bb6d6e73b6, msgType : 18
[DEBUG] [2022-07-15 18:50:28] ChannelMsgHandler.onMessage(123) | onMessage in ChannelMsgHandler called, host : 127.0.0.1:20200, seq : 00000000000000000000000000000000, msgType : 4097
[DEBUG] [2022-07-15 18:50:28] ChannelMsgHandler.onMessage(156) |  call 
[DEBUG] [2022-07-15 18:50:28] ChannelMsgHandler.onMessage(123) | onMessage in ChannelMsgHandler called, host : 127.0.0.1:20201, seq : 00000000000000000000000000000000, msgType : 4097
[DEBUG] [2022-07-15 18:50:28] ChannelMsgHandler.onMessage(123) | onMessage in ChannelMsgHandler called, host : 127.0.0.1:20201, seq : 107c040e9c594e7b9e2c14bb6d6e73b6, msgType : 4096
[DEBUG] [2022-07-15 18:50:28] ChannelMsgHandler.onMessage(156) |  call 
[DEBUG] [2022-07-15 18:50:28] ChannelMsgHandler.onMessage(156) |  call 
[DEBUG] [2022-07-15 18:50:28] GroupServiceImpl.updatePeersBlockNumberInfo(104) | updatePeersBlockNumberInfo for 127.0.0.1:20201, updated blockNumber: 20, groupId: 1
[DEBUG] [2022-07-15 18:50:28] GroupServiceImpl.updateLatestBlockNumber(127) | g:1, updateLatestBlockNumber, latestBlockNumber: 20, nodeWithLatestBlockNumber:[127.0.0.1:20201]
[DEBUG] [2022-07-15 18:50:28] GroupServiceImpl.updatePeersBlockNumberInfo(104) | updatePeersBlockNumberInfo for 127.0.0.1:20200, updated blockNumber: 20, groupId: 1
[DEBUG] [2022-07-15 18:50:28] GroupServiceImpl.updateLatestBlockNumber(127) | g:1, updateLatestBlockNumber, latestBlockNumber: 20, nodeWithLatestBlockNumber:[127.0.0.1:20201, 127.0.0.1:20200]
